[2025-02-18 14:56:39.842] [info]  Hello, log
[2025-02-18 14:56:39.852] [warn]  Some problem appears
[2025-02-18 15:07:07.903] [info]  Hello, log
[2025-02-18 15:07:07.910] [warn]  Some problem appears
[2025-02-18 15:07:08.050] [info]  Checking for update
[2025-02-18 15:12:33.737] [info]  Hello, log
[2025-02-18 15:12:33.744] [warn]  Some problem appears
[2025-02-18 15:12:33.877] [info]  Checking for update
[2025-02-18 15:12:34.962] [info]  Error in auto-updaterError: Cannot parse releases feed: Error: Unable to find latest version on GitHub (https://github.com/giangcs/auto-update-electron/releases/latest), please ensure a production release exists: SyntaxError: Unexpected end of JSON input
    at JSON.parse (<anonymous>)
    at IncomingMessage.<anonymous> (C:\Users\63200557\AppData\Local\Programs\auto-update-electron\resources\app.asar\node_modules\builder-util-runtime\out\httpExecutor.js:155:42)
    at IncomingMessage.emit (node:events:527:28)
    at endReadableNT (node:internal/streams/readable:1345:12)
    at process.processTicksAndRejections (node:internal/process/task_queues:83:21)
    at newError (C:\Users\63200557\AppData\Local\Programs\auto-update-electron\resources\app.asar\node_modules\builder-util-runtime\out\error.js:5:19)
    at GitHubProvider.getLatestTagName (C:\Users\63200557\AppData\Local\Programs\auto-update-electron\resources\app.asar\node_modules\electron-updater\out\providers\GitHubProvider.js:161:55)
    at process.processTicksAndRejections (node:internal/process/task_queues:96:5)
    at async GitHubProvider.getLatestVersion (C:\Users\63200557\AppData\Local\Programs\auto-update-electron\resources\app.asar\node_modules\electron-updater\out\providers\GitHubProvider.js:85:23)
    at async NsisUpdater.getUpdateInfoAndProvider (C:\Users\63200557\AppData\Local\Programs\auto-update-electron\resources\app.asar\node_modules\electron-updater\out\AppUpdater.js:343:19)
    at async NsisUpdater.doCheckForUpdates (C:\Users\63200557\AppData\Local\Programs\auto-update-electron\resources\app.asar\node_modules\electron-updater\out\AppUpdater.js:356:24),
XML:
<?xml version="1.0" encoding="UTF-8"?>
<feed xmlns="http://www.w3.org/2005/Atom" xmlns:media="http://search.yahoo.com/mrss/" xml:lang="en-US">
  <id>tag:github.com,2008:https://github.com/giangcs/auto-update-electron/releases</id>
  <link type="text/html" rel="alternate" href="https://github.com/giangcs/auto-update-electron/releases"/>
  <link type="application/atom+xml" rel="self" href="https://github.com/giangcs/auto-update-electron/releases.atom"/>
  <title>Release notes from auto-update-electron</title>
  <updated>2025-02-18T06:29:46Z</updated>
  <entry>
    <id>tag:github.com,2008:Repository/934558933/v2.0.0</id>
    <updated>2025-02-18T06:29:46Z</updated>
    <link rel="alternate" type="text/html" href="https://github.com/giangcs/auto-update-electron/releases/tag/v2.0.0"/>
    <title>v2.0.0</title>
    <content type="html">&lt;p&gt;AutoUpdate Electron application Free&lt;/p&gt;</content>
    <author>
      <name>giangcs</name>
    </author>
    <media:thumbnail height="30" width="30" url="https://avatars.githubusercontent.com/u/87267939?s=60&amp;v=4"/>
  </entry>
  <entry>
    <id>tag:github.com,2008:Repository/934558933/v1.0.0</id>
    <updated>2025-02-18T06:29:46Z</updated>
    <link rel="alternate" type="text/html" href="https://github.com/giangcs/auto-update-electron/releases/tag/v1.0.0"/>
    <title>v1.0.0</title>
    <content type="html">&lt;p&gt;AutoUpdate Electron application Free&lt;/p&gt;</content>
    <author>
      <name>giangcs</name>
    </author>
    <media:thumbnail height="30" width="30" url="https://avatars.githubusercontent.com/u/87267939?s=60&amp;v=4"/>
  </entry>
</feed>

[2025-02-18 15:13:10.558] [info]  Hello, log
[2025-02-18 15:13:10.566] [warn]  Some problem appears
[2025-02-18 15:13:10.688] [info]  Checking for update
[2025-02-18 15:13:11.474] [info]  Error in auto-updaterError: Cannot parse releases feed: Error: Unable to find latest version on GitHub (https://github.com/giangcs/auto-update-electron/releases/latest), please ensure a production release exists: SyntaxError: Unexpected end of JSON input
    at JSON.parse (<anonymous>)
    at IncomingMessage.<anonymous> (C:\Users\63200557\AppData\Local\Programs\auto-update-electron\resources\app.asar\node_modules\builder-util-runtime\out\httpExecutor.js:155:42)
    at IncomingMessage.emit (node:events:527:28)
    at endReadableNT (node:internal/streams/readable:1345:12)
    at process.processTicksAndRejections (node:internal/process/task_queues:83:21)
    at newError (C:\Users\63200557\AppData\Local\Programs\auto-update-electron\resources\app.asar\node_modules\builder-util-runtime\out\error.js:5:19)
    at GitHubProvider.getLatestTagName (C:\Users\63200557\AppData\Local\Programs\auto-update-electron\resources\app.asar\node_modules\electron-updater\out\providers\GitHubProvider.js:161:55)
    at process.processTicksAndRejections (node:internal/process/task_queues:96:5)
    at async GitHubProvider.getLatestVersion (C:\Users\63200557\AppData\Local\Programs\auto-update-electron\resources\app.asar\node_modules\electron-updater\out\providers\GitHubProvider.js:85:23)
    at async NsisUpdater.getUpdateInfoAndProvider (C:\Users\63200557\AppData\Local\Programs\auto-update-electron\resources\app.asar\node_modules\electron-updater\out\AppUpdater.js:343:19)
    at async NsisUpdater.doCheckForUpdates (C:\Users\63200557\AppData\Local\Programs\auto-update-electron\resources\app.asar\node_modules\electron-updater\out\AppUpdater.js:356:24),
XML:
<?xml version="1.0" encoding="UTF-8"?>
<feed xmlns="http://www.w3.org/2005/Atom" xmlns:media="http://search.yahoo.com/mrss/" xml:lang="en-US">
  <id>tag:github.com,2008:https://github.com/giangcs/auto-update-electron/releases</id>
  <link type="text/html" rel="alternate" href="https://github.com/giangcs/auto-update-electron/releases"/>
  <link type="application/atom+xml" rel="self" href="https://github.com/giangcs/auto-update-electron/releases.atom"/>
  <title>Release notes from auto-update-electron</title>
  <updated>2025-02-18T06:29:46Z</updated>
  <entry>
    <id>tag:github.com,2008:Repository/934558933/v2.0.0</id>
    <updated>2025-02-18T06:29:46Z</updated>
    <link rel="alternate" type="text/html" href="https://github.com/giangcs/auto-update-electron/releases/tag/v2.0.0"/>
    <title>v2.0.0</title>
    <content type="html">&lt;p&gt;AutoUpdate Electron application Free&lt;/p&gt;</content>
    <author>
      <name>giangcs</name>
    </author>
    <media:thumbnail height="30" width="30" url="https://avatars.githubusercontent.com/u/87267939?s=60&amp;v=4"/>
  </entry>
  <entry>
    <id>tag:github.com,2008:Repository/934558933/v1.0.0</id>
    <updated>2025-02-18T08:12:52Z</updated>
    <link rel="alternate" type="text/html" href="https://github.com/giangcs/auto-update-electron/releases/tag/v1.0.0"/>
    <title>1.0.0</title>
    <content>No content.</content>
    <author>
      <name>giangcs</name>
    </author>
    <media:thumbnail height="30" width="30" url="https://avatars.githubusercontent.com/u/87267939?s=60&amp;v=4"/>
  </entry>
</feed>

[2025-02-18 15:14:00.290] [info]  Hello, log
[2025-02-18 15:14:00.296] [warn]  Some problem appears
[2025-02-18 15:14:00.450] [info]  Checking for update
[2025-02-18 15:14:01.235] [info]  Error in auto-updaterError: Cannot parse releases feed: Error: Unable to find latest version on GitHub (https://github.com/giangcs/auto-update-electron/releases/latest), please ensure a production release exists: SyntaxError: Unexpected end of JSON input
    at JSON.parse (<anonymous>)
    at IncomingMessage.<anonymous> (C:\Users\63200557\AppData\Local\Programs\auto-update-electron\resources\app.asar\node_modules\builder-util-runtime\out\httpExecutor.js:155:42)
    at IncomingMessage.emit (node:events:527:28)
    at endReadableNT (node:internal/streams/readable:1345:12)
    at process.processTicksAndRejections (node:internal/process/task_queues:83:21)
    at newError (C:\Users\63200557\AppData\Local\Programs\auto-update-electron\resources\app.asar\node_modules\builder-util-runtime\out\error.js:5:19)
    at GitHubProvider.getLatestTagName (C:\Users\63200557\AppData\Local\Programs\auto-update-electron\resources\app.asar\node_modules\electron-updater\out\providers\GitHubProvider.js:161:55)
    at process.processTicksAndRejections (node:internal/process/task_queues:96:5)
    at async GitHubProvider.getLatestVersion (C:\Users\63200557\AppData\Local\Programs\auto-update-electron\resources\app.asar\node_modules\electron-updater\out\providers\GitHubProvider.js:85:23)
    at async NsisUpdater.getUpdateInfoAndProvider (C:\Users\63200557\AppData\Local\Programs\auto-update-electron\resources\app.asar\node_modules\electron-updater\out\AppUpdater.js:343:19)
    at async NsisUpdater.doCheckForUpdates (C:\Users\63200557\AppData\Local\Programs\auto-update-electron\resources\app.asar\node_modules\electron-updater\out\AppUpdater.js:356:24),
XML:
<?xml version="1.0" encoding="UTF-8"?>
<feed xmlns="http://www.w3.org/2005/Atom" xmlns:media="http://search.yahoo.com/mrss/" xml:lang="en-US">
  <id>tag:github.com,2008:https://github.com/giangcs/auto-update-electron/releases</id>
  <link type="text/html" rel="alternate" href="https://github.com/giangcs/auto-update-electron/releases"/>
  <link type="application/atom+xml" rel="self" href="https://github.com/giangcs/auto-update-electron/releases.atom"/>
  <title>Release notes from auto-update-electron</title>
  <updated>2025-02-18T06:29:46Z</updated>
  <entry>
    <id>tag:github.com,2008:Repository/934558933/v2.0.0</id>
    <updated>2025-02-18T06:29:46Z</updated>
    <link rel="alternate" type="text/html" href="https://github.com/giangcs/auto-update-electron/releases/tag/v2.0.0"/>
    <title>v2.0.0</title>
    <content type="html">&lt;p&gt;AutoUpdate Electron application Free&lt;/p&gt;</content>
    <author>
      <name>giangcs</name>
    </author>
    <media:thumbnail height="30" width="30" url="https://avatars.githubusercontent.com/u/87267939?s=60&amp;v=4"/>
  </entry>
  <entry>
    <id>tag:github.com,2008:Repository/934558933/v1.0.0</id>
    <updated>2025-02-18T08:12:52Z</updated>
    <link rel="alternate" type="text/html" href="https://github.com/giangcs/auto-update-electron/releases/tag/v1.0.0"/>
    <title>1.0.0</title>
    <content>No content.</content>
    <author>
      <name>giangcs</name>
    </author>
    <media:thumbnail height="30" width="30" url="https://avatars.githubusercontent.com/u/87267939?s=60&amp;v=4"/>
  </entry>
</feed>

[2025-02-18 15:19:56.024] [info]  Hello, log
[2025-02-18 15:19:56.032] [warn]  Some problem appears
[2025-02-18 15:19:56.191] [info]  Checking for update
[2025-02-18 15:19:58.002] [info]  Update not available
[2025-02-18 15:23:43.511] [info]  Hello, log
[2025-02-18 15:23:43.518] [warn]  Some problem appears
[2025-02-18 15:23:43.659] [info]  Checking for update
[2025-02-18 15:23:45.653] [info]  Update available
[2025-02-18 15:23:47.988] [info]  Download Progress
[2025-02-18 15:23:47.989] [info]  

download-progress
[2025-02-18 15:23:47.989] [info]  {
  total: 977506,
  delta: 47550,
  transferred: 47550,
  percent: 4.8644202695431025,
  bytesPerSecond: 65226
}
[2025-02-18 15:23:48.265] [info]  Download Progress
[2025-02-18 15:23:48.265] [info]  

download-progress
[2025-02-18 15:23:48.266] [info]  {
  total: 977506,
  delta: 57040,
  transferred: 57040,
  percent: 5.835258300204807,
  bytesPerSecond: 56700
}
[2025-02-18 15:23:48.267] [info]  Download Progress
[2025-02-18 15:23:48.268] [info]  

download-progress
[2025-02-18 15:23:48.268] [info]  {
  total: 977506,
  delta: 22099,
  transferred: 79139,
  percent: 8.096011686884786,
  bytesPerSecond: 78511
}
[2025-02-18 15:23:49.225] [info]  Download Progress
[2025-02-18 15:23:49.225] [info]  

download-progress
[2025-02-18 15:23:49.226] [info]  {
  total: 977506,
  delta: 521073,
  transferred: 578113,
  percent: 59.14163186722128,
  bytesPerSecond: 294055
}
[2025-02-18 15:23:49.677] [info]  Download Progress
[2025-02-18 15:23:49.677] [info]  

download-progress
[2025-02-18 15:23:49.678] [info]  {
  total: 977506,
  delta: 537189,
  transferred: 594229,
  percent: 60.79031739958629,
  bytesPerSecond: 245752
}
[2025-02-18 15:23:49.679] [info]  Download Progress
[2025-02-18 15:23:49.680] [info]  

download-progress
[2025-02-18 15:23:49.680] [info]  {
  total: 977506,
  delta: 38693,
  transferred: 632922,
  percent: 64.74865627423259,
  bytesPerSecond: 261538
}
[2025-02-18 15:23:51.060] [info]  Download Progress
[2025-02-18 15:23:51.060] [info]  

download-progress
[2025-02-18 15:23:51.060] [info]  {
  total: 977506,
  delta: 63233,
  transferred: 657462,
  percent: 67.25912679819868,
  bytesPerSecond: 173016
}
[2025-02-18 15:23:51.155] [info]  Download Progress
[2025-02-18 15:23:51.156] [info]  

download-progress
[2025-02-18 15:23:51.156] [info]  {
  total: 977506,
  delta: 184593,
  transferred: 842055,
  percent: 86.14320525909815,
  bytesPerSecond: 216133
}
[2025-02-18 15:23:51.855] [info]  Download Progress
[2025-02-18 15:23:51.856] [info]  

download-progress
[2025-02-18 15:23:51.856] [info]  {
  total: 977506,
  delta: 201773,
  transferred: 859235,
  percent: 87.90073922819911,
  bytesPerSecond: 186953
}
[2025-02-18 15:23:52.076] [info]  Download Progress
[2025-02-18 15:23:52.077] [info]  

download-progress
[2025-02-18 15:23:52.077] [info]  {
  total: 977506,
  delta: 223333,
  transferred: 880795,
  percent: 90.10635228837471,
  bytesPerSecond: 182851
}
[2025-02-18 15:23:52.114] [info]  Download Progress
[2025-02-18 15:23:52.115] [info]  

download-progress
[2025-02-18 15:23:52.115] [info]  {
  total: 977506,
  delta: 96711,
  transferred: 977506,
  percent: 100,
  bytesPerSecond: 201340
}
[2025-02-18 15:23:52.120] [info]  Update Downloaded
[2025-02-18 15:25:56.401] [info]  Hello, log
[2025-02-18 15:25:56.407] [warn]  Some problem appears
[2025-02-18 15:25:56.542] [info]  Checking for update
[2025-02-18 15:25:58.134] [info]  Update available
[2025-02-18 15:25:58.339] [info]  Update Downloaded
